
optiboot_atmega168.elf:     file format elf32-avr

Sections:
Idx Name          Size      VMA       LMA       File off  Algn
  0 .text         000001f8  00003e00  00003e00  00000074  2**1
                  CONTENTS, ALLOC, LOAD, READONLY, CODE
  1 .version      00000002  00003ffe  00003ffe  0000026c  2**0
                  CONTENTS, ALLOC, LOAD, READONLY, DATA
  2 .debug_aranges 00000028  00000000  00000000  0000026e  2**0
                  CONTENTS, READONLY, DEBUGGING
  3 .debug_pubnames 00000074  00000000  00000000  00000296  2**0
                  CONTENTS, READONLY, DEBUGGING
  4 .debug_info   000003e0  00000000  00000000  0000030a  2**0
                  CONTENTS, READONLY, DEBUGGING
  5 .debug_abbrev 000001f1  00000000  00000000  000006ea  2**0
                  CONTENTS, READONLY, DEBUGGING
  6 .debug_line   00000433  00000000  00000000  000008db  2**0
                  CONTENTS, READONLY, DEBUGGING
  7 .debug_frame  00000080  00000000  00000000  00000d10  2**2
                  CONTENTS, READONLY, DEBUGGING
  8 .debug_str    00000172  00000000  00000000  00000d90  2**0
                  CONTENTS, READONLY, DEBUGGING
  9 .debug_loc    000002d7  00000000  00000000  00000f02  2**0
                  CONTENTS, READONLY, DEBUGGING
 10 .debug_ranges 000000b8  00000000  00000000  000011d9  2**0
                  CONTENTS, READONLY, DEBUGGING

Disassembly of section .text:

00003e00 <main>:
#define wdtVect (*(uint16_t*)(RAMSTART+SPM_PAGESIZE*2+6))
#endif


/* main program starts here */
int main(void) {
    3e00:	11 24       	eor	r1, r1
   * modified Adaboot no-wait mod.
   * Pass the reset reason to app.  Also, it appears that an Uno poweron
   * can leave multiple reset flags set; we only want the bootloader to
   * run on an 'external reset only' status
   */
  ch = MCUSR;
    3e02:	94 b7       	in	r25, 0x34	; 52
  MCUSR = 0;
    3e04:	14 be       	out	0x34, r1	; 52
  if (ch & (_BV(WDRF) | _BV(BORF) | _BV(PORF)))
    3e06:	89 2f       	mov	r24, r25
    3e08:	8d 70       	andi	r24, 0x0D	; 13
    3e0a:	11 f0       	breq	.+4      	; 0x3e10 <main+0x10>
      appStart(ch);
    3e0c:	89 2f       	mov	r24, r25
    3e0e:	ee d0       	rcall	.+476    	; 0x3fec <appStart>

#if LED_START_FLASHES > 0
  // Set up Timer 1 for timeout counter
  TCCR1B = _BV(CS12) | _BV(CS10); // div 1024
    3e10:	85 e0       	ldi	r24, 0x05	; 5
    3e12:	80 93 81 00 	sts	0x0081, r24
  UCSRA = _BV(U2X); //Double speed mode USART
  UCSRB = _BV(RXEN) | _BV(TXEN);  // enable Rx & Tx
  UCSRC = _BV(URSEL) | _BV(UCSZ1) | _BV(UCSZ0);  // config USART; 8N1
  UBRRL = (uint8_t)( (F_CPU + BAUD_RATE * 4L) / (BAUD_RATE * 8L) - 1 );
#else
  UART_SRA = _BV(U2X0); //Double speed mode USART0
    3e16:	82 e0       	ldi	r24, 0x02	; 2
    3e18:	80 93 c0 00 	sts	0x00C0, r24
  UART_SRB = _BV(RXEN0) | _BV(TXEN0);
    3e1c:	88 e1       	ldi	r24, 0x18	; 24
    3e1e:	80 93 c1 00 	sts	0x00C1, r24
  UART_SRC = _BV(UCSZ00) | _BV(UCSZ01);
    3e22:	86 e0       	ldi	r24, 0x06	; 6
    3e24:	80 93 c2 00 	sts	0x00C2, r24
  UART_SRL = (uint8_t)( (F_CPU + BAUD_RATE * 4L) / (BAUD_RATE * 8L) - 1 );
    3e28:	88 e0       	ldi	r24, 0x08	; 8
    3e2a:	80 93 c4 00 	sts	0x00C4, r24
#endif
#endif

  // Set up watchdog to trigger after 500ms
  watchdogConfig(WATCHDOG_1S);
    3e2e:	8e e0       	ldi	r24, 0x0E	; 14
    3e30:	c7 d0       	rcall	.+398    	; 0x3fc0 <watchdogConfig>

#if (LED_START_FLASHES > 0) || defined(LED_DATA_FLASH)
  /* Set LED pin as output */
  LED_DDR |= _BV(LED);
    3e32:	25 9a       	sbi	0x04, 5	; 4
    3e34:	86 e0       	ldi	r24, 0x06	; 6
}

#if LED_START_FLASHES > 0
void flash_led(uint8_t count) {
  do {
    TCNT1 = -(F_CPU/(1024*16));
    3e36:	28 e1       	ldi	r18, 0x18	; 24
    3e38:	3e ef       	ldi	r19, 0xFE	; 254
    TIFR1 = _BV(TOV1);
    3e3a:	91 e0       	ldi	r25, 0x01	; 1
}

#if LED_START_FLASHES > 0
void flash_led(uint8_t count) {
  do {
    TCNT1 = -(F_CPU/(1024*16));
    3e3c:	30 93 85 00 	sts	0x0085, r19
    3e40:	20 93 84 00 	sts	0x0084, r18
    TIFR1 = _BV(TOV1);
    3e44:	96 bb       	out	0x16, r25	; 22
    while(!(TIFR1 & _BV(TOV1)));
    3e46:	b0 9b       	sbis	0x16, 0	; 22
    3e48:	fe cf       	rjmp	.-4      	; 0x3e46 <main+0x46>
#if defined(__AVR_ATmega8__)  || defined (__AVR_ATmega32__)
    LED_PORT ^= _BV(LED);
#else
    LED_PIN |= _BV(LED);
    3e4a:	1d 9a       	sbi	0x03, 5	; 3
}
#endif

// Watchdog functions. These are only safe with interrupts turned off.
void watchdogReset() {
  __asm__ __volatile__ (
    3e4c:	a8 95       	wdr
    LED_PORT ^= _BV(LED);
#else
    LED_PIN |= _BV(LED);
#endif
    watchdogReset();
  } while (--count);
    3e4e:	81 50       	subi	r24, 0x01	; 1
    3e50:	a9 f7       	brne	.-22     	; 0x3e3c <main+0x3c>
    3e52:	aa 24       	eor	r10, r10
    3e54:	bb 24       	eor	r11, r11
	     * Start the page erase and wait for it to finish.  There
	     * used to be code to do this while receiving the data over
	     * the serial link, but the performance improvement was slight,
	     * and we needed the space back.
	     */
	    __boot_page_erase_short((uint16_t)(void*)address);
    3e56:	33 e0       	ldi	r19, 0x03	; 3
    3e58:	83 2e       	mov	r8, r19
	     */
	    do {
		uint16_t a;
		a = *bufPtr++;
		a |= (*bufPtr++) << 8;
		__boot_page_fill_short((uint16_t)(void*)addrPtr,a);
    3e5a:	77 24       	eor	r7, r7
    3e5c:	73 94       	inc	r7
	    } while (len -= 2);

	    /*
	     * Actually Write the buffer to flash (and wait for it to finish.)
	     */
	    __boot_page_write_short((uint16_t)(void*)address);
    3e5e:	25 e0       	ldi	r18, 0x05	; 5
    3e60:	92 2e       	mov	r9, r18
	    boot_spm_busy_wait();
#if defined(RWWSRE)
	    // Reenable read access to flash
	    boot_rww_enable();
    3e62:	91 e1       	ldi	r25, 0x11	; 17
    3e64:	c9 2e       	mov	r12, r25
#endif

  /* Forever loop: exits by causing WDT reset */
  for (;;) {
    /* get character from UART */
    ch = getch();
    3e66:	a0 d0       	rcall	.+320    	; 0x3fa8 <getch>

    if(ch == STK_GET_PARAMETER) {
    3e68:	81 34       	cpi	r24, 0x41	; 65
    3e6a:	69 f4       	brne	.+26     	; 0x3e86 <main+0x86>
      unsigned char which = getch();
    3e6c:	9d d0       	rcall	.+314    	; 0x3fa8 <getch>
    3e6e:	18 2f       	mov	r17, r24
      verifySpace();
    3e70:	ad d0       	rcall	.+346    	; 0x3fcc <verifySpace>
      /*
       * Send optiboot version as "SW version"
       * Note that the references to memory are optimized away.
       */
      if (which == 0x82) {
    3e72:	12 38       	cpi	r17, 0x82	; 130
    3e74:	11 f4       	brne	.+4      	; 0x3e7a <main+0x7a>
	  putch(optiboot_version & 0xFF);
    3e76:	81 e0       	ldi	r24, 0x01	; 1
    3e78:	04 c0       	rjmp	.+8      	; 0x3e82 <main+0x82>
      } else if (which == 0x81) {
    3e7a:	11 38       	cpi	r17, 0x81	; 129
    3e7c:	09 f4       	brne	.+2      	; 0x3e80 <main+0x80>
    3e7e:	82 c0       	rjmp	.+260    	; 0x3f84 <main+0x184>
      } else {
	/*
	 * GET PARAMETER returns a generic 0x03 reply for
         * other parameters - enough to keep Avrdude happy
	 */
	putch(0x03);
    3e80:	83 e0       	ldi	r24, 0x03	; 3
    3e82:	8a d0       	rcall	.+276    	; 0x3f98 <putch>
    3e84:	86 c0       	rjmp	.+268    	; 0x3f92 <main+0x192>
      }
    }
    else if(ch == STK_SET_DEVICE) {
    3e86:	82 34       	cpi	r24, 0x42	; 66
    3e88:	11 f4       	brne	.+4      	; 0x3e8e <main+0x8e>
      // SET DEVICE is ignored
      getNch(20);
    3e8a:	84 e1       	ldi	r24, 0x14	; 20
    3e8c:	03 c0       	rjmp	.+6      	; 0x3e94 <main+0x94>
    }
    else if(ch == STK_SET_DEVICE_EXT) {
    3e8e:	85 34       	cpi	r24, 0x45	; 69
    3e90:	19 f4       	brne	.+6      	; 0x3e98 <main+0x98>
      // SET DEVICE EXT is ignored
      getNch(5);
    3e92:	85 e0       	ldi	r24, 0x05	; 5
    3e94:	a3 d0       	rcall	.+326    	; 0x3fdc <getNch>
    3e96:	7d c0       	rjmp	.+250    	; 0x3f92 <main+0x192>
    }
    else if(ch == STK_LOAD_ADDRESS) {
    3e98:	85 35       	cpi	r24, 0x55	; 85
    3e9a:	79 f4       	brne	.+30     	; 0x3eba <main+0xba>
      // LOAD ADDRESS
      uint16_t newAddress;
      newAddress = getch();
    3e9c:	85 d0       	rcall	.+266    	; 0x3fa8 <getch>
      newAddress = (newAddress & 0xff) | (getch() << 8);
    3e9e:	e8 2e       	mov	r14, r24
    3ea0:	ff 24       	eor	r15, r15
    3ea2:	82 d0       	rcall	.+260    	; 0x3fa8 <getch>
    3ea4:	08 2f       	mov	r16, r24
    3ea6:	10 e0       	ldi	r17, 0x00	; 0
    3ea8:	10 2f       	mov	r17, r16
    3eaa:	00 27       	eor	r16, r16
    3eac:	0e 29       	or	r16, r14
    3eae:	1f 29       	or	r17, r15
#ifdef RAMPZ
      // Transfer top bit to RAMPZ
      RAMPZ = (newAddress & 0x8000) ? 1 : 0;
#endif
      newAddress += newAddress; // Convert from word address to byte address
    3eb0:	00 0f       	add	r16, r16
    3eb2:	11 1f       	adc	r17, r17
      address = newAddress;
      verifySpace();
    3eb4:	8b d0       	rcall	.+278    	; 0x3fcc <verifySpace>
    3eb6:	58 01       	movw	r10, r16
    3eb8:	6c c0       	rjmp	.+216    	; 0x3f92 <main+0x192>
    }
    else if(ch == STK_UNIVERSAL) {
    3eba:	86 35       	cpi	r24, 0x56	; 86
    3ebc:	21 f4       	brne	.+8      	; 0x3ec6 <main+0xc6>
      // UNIVERSAL command is ignored
      getNch(4);
    3ebe:	84 e0       	ldi	r24, 0x04	; 4
    3ec0:	8d d0       	rcall	.+282    	; 0x3fdc <getNch>
      putch(0x00);
    3ec2:	80 e0       	ldi	r24, 0x00	; 0
    3ec4:	de cf       	rjmp	.-68     	; 0x3e82 <main+0x82>
    }
    /* Write memory, length is big endian and is in bytes */
    else if(ch == STK_PROG_PAGE) {
    3ec6:	84 36       	cpi	r24, 0x64	; 100
    3ec8:	09 f0       	breq	.+2      	; 0x3ecc <main+0xcc>
    3eca:	41 c0       	rjmp	.+130    	; 0x3f4e <main+0x14e>
      // PROGRAM PAGE - we support flash programming only, not EEPROM
      uint8_t desttype;
      uint8_t *bufPtr;
      uint16_t savelength;

      length = getch()<<8;			/* getlen() */
    3ecc:	6d d0       	rcall	.+218    	; 0x3fa8 <getch>
    3ece:	90 e0       	ldi	r25, 0x00	; 0
    3ed0:	18 2f       	mov	r17, r24
    3ed2:	00 27       	eor	r16, r16
      length |= getch();
    3ed4:	69 d0       	rcall	.+210    	; 0x3fa8 <getch>
    3ed6:	90 e0       	ldi	r25, 0x00	; 0
    3ed8:	08 2b       	or	r16, r24
    3eda:	19 2b       	or	r17, r25
      savelength = length;
      desttype = getch();
    3edc:	65 d0       	rcall	.+202    	; 0x3fa8 <getch>
    3ede:	d8 2e       	mov	r13, r24
    3ee0:	e8 01       	movw	r28, r16
    3ee2:	e1 2c       	mov	r14, r1
    3ee4:	f1 e0       	ldi	r31, 0x01	; 1
    3ee6:	ff 2e       	mov	r15, r31

      // read a page worth of contents
      bufPtr = buff;
      do *bufPtr++ = getch();
    3ee8:	5f d0       	rcall	.+190    	; 0x3fa8 <getch>
    3eea:	f7 01       	movw	r30, r14
    3eec:	81 93       	st	Z+, r24
    3eee:	7f 01       	movw	r14, r30
      while (--length);
    3ef0:	21 97       	sbiw	r28, 0x01	; 1
    3ef2:	d1 f7       	brne	.-12     	; 0x3ee8 <main+0xe8>

      // Read command terminator, start reply
      verifySpace();
    3ef4:	6b d0       	rcall	.+214    	; 0x3fcc <verifySpace>
 * void writebuffer(memtype, buffer, address, length)
 */
static inline void writebuffer(int8_t memtype, uint8_t *mybuff,
			       uint16_t address, uint16_t len)
{
    switch (memtype) {
    3ef6:	f5 e4       	ldi	r31, 0x45	; 69
    3ef8:	df 16       	cp	r13, r31
    3efa:	09 f4       	brne	.+2      	; 0x3efe <main+0xfe>
    3efc:	ff cf       	rjmp	.-2      	; 0x3efc <main+0xfc>
	     * Start the page erase and wait for it to finish.  There
	     * used to be code to do this while receiving the data over
	     * the serial link, but the performance improvement was slight,
	     * and we needed the space back.
	     */
	    __boot_page_erase_short((uint16_t)(void*)address);
    3efe:	f5 01       	movw	r30, r10
    3f00:	87 be       	out	0x37, r8	; 55
    3f02:	e8 95       	spm
	    boot_spm_busy_wait();
    3f04:	07 b6       	in	r0, 0x37	; 55
    3f06:	00 fc       	sbrc	r0, 0
    3f08:	fd cf       	rjmp	.-6      	; 0x3f04 <main+0x104>
    3f0a:	b5 01       	movw	r22, r10
    3f0c:	a8 01       	movw	r20, r16
    3f0e:	a0 e0       	ldi	r26, 0x00	; 0
    3f10:	b1 e0       	ldi	r27, 0x01	; 1
	    /*
	     * Copy data from the buffer into the flash write buffer.
	     */
	    do {
		uint16_t a;
		a = *bufPtr++;
    3f12:	2c 91       	ld	r18, X
    3f14:	30 e0       	ldi	r19, 0x00	; 0
		a |= (*bufPtr++) << 8;
    3f16:	11 96       	adiw	r26, 0x01	; 1
    3f18:	8c 91       	ld	r24, X
    3f1a:	11 97       	sbiw	r26, 0x01	; 1
    3f1c:	90 e0       	ldi	r25, 0x00	; 0
    3f1e:	98 2f       	mov	r25, r24
    3f20:	88 27       	eor	r24, r24
    3f22:	82 2b       	or	r24, r18
    3f24:	93 2b       	or	r25, r19
#define wdtVect (*(uint16_t*)(RAMSTART+SPM_PAGESIZE*2+6))
#endif


/* main program starts here */
int main(void) {
    3f26:	12 96       	adiw	r26, 0x02	; 2
	     */
	    do {
		uint16_t a;
		a = *bufPtr++;
		a |= (*bufPtr++) << 8;
		__boot_page_fill_short((uint16_t)(void*)addrPtr,a);
    3f28:	fb 01       	movw	r30, r22
    3f2a:	0c 01       	movw	r0, r24
    3f2c:	77 be       	out	0x37, r7	; 55
    3f2e:	e8 95       	spm
    3f30:	11 24       	eor	r1, r1
		addrPtr += 2;
    3f32:	6e 5f       	subi	r22, 0xFE	; 254
    3f34:	7f 4f       	sbci	r23, 0xFF	; 255
	    } while (len -= 2);
    3f36:	42 50       	subi	r20, 0x02	; 2
    3f38:	50 40       	sbci	r21, 0x00	; 0
    3f3a:	59 f7       	brne	.-42     	; 0x3f12 <main+0x112>

	    /*
	     * Actually Write the buffer to flash (and wait for it to finish.)
	     */
	    __boot_page_write_short((uint16_t)(void*)address);
    3f3c:	f5 01       	movw	r30, r10
    3f3e:	97 be       	out	0x37, r9	; 55
    3f40:	e8 95       	spm
	    boot_spm_busy_wait();
    3f42:	07 b6       	in	r0, 0x37	; 55
    3f44:	00 fc       	sbrc	r0, 0
    3f46:	fd cf       	rjmp	.-6      	; 0x3f42 <main+0x142>
#if defined(RWWSRE)
	    // Reenable read access to flash
	    boot_rww_enable();
    3f48:	c7 be       	out	0x37, r12	; 55
    3f4a:	e8 95       	spm
    3f4c:	22 c0       	rjmp	.+68     	; 0x3f92 <main+0x192>
      writebuffer(desttype, buff, address, savelength);


    }
    /* Read memory block mode, length is big endian.  */
    else if(ch == STK_READ_PAGE) {
    3f4e:	84 37       	cpi	r24, 0x74	; 116
    3f50:	91 f4       	brne	.+36     	; 0x3f76 <main+0x176>
      uint8_t desttype;
      length = getch()<<8;			/* getlen() */
    3f52:	2a d0       	rcall	.+84     	; 0x3fa8 <getch>
    3f54:	90 e0       	ldi	r25, 0x00	; 0
    3f56:	d8 2f       	mov	r29, r24
    3f58:	cc 27       	eor	r28, r28
      length |= getch();
    3f5a:	26 d0       	rcall	.+76     	; 0x3fa8 <getch>
    3f5c:	90 e0       	ldi	r25, 0x00	; 0
    3f5e:	c8 2b       	or	r28, r24
    3f60:	d9 2b       	or	r29, r25
      desttype = getch();
    3f62:	22 d0       	rcall	.+68     	; 0x3fa8 <getch>

      verifySpace();
    3f64:	33 d0       	rcall	.+102    	; 0x3fcc <verifySpace>
    3f66:	85 01       	movw	r16, r10
	    __asm__ ("elpm %0,Z+\n" : "=r" (ch), "=z" (address): "1" (address));
#else
	    // read a Flash byte and increment the address
	    __asm__ ("lpm %0,Z+\n" : "=r" (ch), "=z" (address): "1" (address));
#endif
	    putch(ch);
    3f68:	f8 01       	movw	r30, r16
    3f6a:	85 91       	lpm	r24, Z+
    3f6c:	8f 01       	movw	r16, r30
    3f6e:	14 d0       	rcall	.+40     	; 0x3f98 <putch>
	} while (--length);
    3f70:	21 97       	sbiw	r28, 0x01	; 1
    3f72:	d1 f7       	brne	.-12     	; 0x3f68 <main+0x168>
    3f74:	0e c0       	rjmp	.+28     	; 0x3f92 <main+0x192>
	  
      read_mem(desttype, address, length);
    }

    /* Get device signature bytes  */
    else if(ch == STK_READ_SIGN) {
    3f76:	85 37       	cpi	r24, 0x75	; 117
    3f78:	39 f4       	brne	.+14     	; 0x3f88 <main+0x188>
      // READ SIGN - return what Avrdude wants to hear
      verifySpace();
    3f7a:	28 d0       	rcall	.+80     	; 0x3fcc <verifySpace>
      putch(SIGNATURE_0);
    3f7c:	8e e1       	ldi	r24, 0x1E	; 30
    3f7e:	0c d0       	rcall	.+24     	; 0x3f98 <putch>
      putch(SIGNATURE_1);
    3f80:	84 e9       	ldi	r24, 0x94	; 148
    3f82:	0a d0       	rcall	.+20     	; 0x3f98 <putch>
      putch(SIGNATURE_2);
    3f84:	86 e0       	ldi	r24, 0x06	; 6
    3f86:	7d cf       	rjmp	.-262    	; 0x3e82 <main+0x82>
    }
    else if (ch == STK_LEAVE_PROGMODE) { /* 'Q' */
    3f88:	81 35       	cpi	r24, 0x51	; 81
    3f8a:	11 f4       	brne	.+4      	; 0x3f90 <main+0x190>
      // Adaboot no-wait mod
      watchdogConfig(WATCHDOG_16MS);
    3f8c:	88 e0       	ldi	r24, 0x08	; 8
    3f8e:	18 d0       	rcall	.+48     	; 0x3fc0 <watchdogConfig>
      verifySpace();
    }
    else {
      // This covers the response to commands like STK_ENTER_PROGMODE
      verifySpace();
    3f90:	1d d0       	rcall	.+58     	; 0x3fcc <verifySpace>
    }
    putch(STK_OK);
    3f92:	80 e1       	ldi	r24, 0x10	; 16
    3f94:	01 d0       	rcall	.+2      	; 0x3f98 <putch>
    3f96:	67 cf       	rjmp	.-306    	; 0x3e66 <main+0x66>

00003f98 <putch>:
  }
}

void putch(char ch) {
    3f98:	98 2f       	mov	r25, r24
#ifndef SOFT_UART
  while (!(UART_SRA & _BV(UDRE0)));
    3f9a:	80 91 c0 00 	lds	r24, 0x00C0
    3f9e:	85 ff       	sbrs	r24, 5
    3fa0:	fc cf       	rjmp	.-8      	; 0x3f9a <putch+0x2>
  UART_UDR = ch;
    3fa2:	90 93 c6 00 	sts	0x00C6, r25
      [uartBit] "I" (UART_TX_BIT)
    :
      "r25"
  );
#endif
}
    3fa6:	08 95       	ret

00003fa8 <getch>:
      [uartBit] "I" (UART_RX_BIT)
    :
      "r25"
);
#else
  while(!(UART_SRA & _BV(RXC0)))
    3fa8:	80 91 c0 00 	lds	r24, 0x00C0
    3fac:	87 ff       	sbrs	r24, 7
    3fae:	fc cf       	rjmp	.-8      	; 0x3fa8 <getch>
    ;
  if (!(UART_SRA & _BV(FE0))) {
    3fb0:	80 91 c0 00 	lds	r24, 0x00C0
    3fb4:	84 fd       	sbrc	r24, 4
    3fb6:	01 c0       	rjmp	.+2      	; 0x3fba <getch+0x12>
}
#endif

// Watchdog functions. These are only safe with interrupts turned off.
void watchdogReset() {
  __asm__ __volatile__ (
    3fb8:	a8 95       	wdr
       * don't care that an invalid char is returned...)
       */
    watchdogReset();
  }
  
  ch = UART_UDR;
    3fba:	80 91 c6 00 	lds	r24, 0x00C6
  LED_PIN |= _BV(LED);
#endif
#endif

  return ch;
}
    3fbe:	08 95       	ret

00003fc0 <watchdogConfig>:
    "wdr\n"
  );
}

void watchdogConfig(uint8_t x) {
  WDTCSR = _BV(WDCE) | _BV(WDE);
    3fc0:	e0 e6       	ldi	r30, 0x60	; 96
    3fc2:	f0 e0       	ldi	r31, 0x00	; 0
    3fc4:	98 e1       	ldi	r25, 0x18	; 24
    3fc6:	90 83       	st	Z, r25
  WDTCSR = x;
    3fc8:	80 83       	st	Z, r24
}
    3fca:	08 95       	ret

00003fcc <verifySpace>:
  do getch(); while (--count);
  verifySpace();
}

void verifySpace() {
  if (getch() != CRC_EOP) {
    3fcc:	ed df       	rcall	.-38     	; 0x3fa8 <getch>
    3fce:	80 32       	cpi	r24, 0x20	; 32
    3fd0:	19 f0       	breq	.+6      	; 0x3fd8 <verifySpace+0xc>
    watchdogConfig(WATCHDOG_16MS);    // shorten WD timeout
    3fd2:	88 e0       	ldi	r24, 0x08	; 8
    3fd4:	f5 df       	rcall	.-22     	; 0x3fc0 <watchdogConfig>
    3fd6:	ff cf       	rjmp	.-2      	; 0x3fd6 <verifySpace+0xa>
    while (1)			      // and busy-loop so that WD causes
      ;				      //  a reset and app start.
  }
  putch(STK_INSYNC);
    3fd8:	84 e1       	ldi	r24, 0x14	; 20
}
    3fda:	de cf       	rjmp	.-68     	; 0x3f98 <putch>

00003fdc <getNch>:
    ::[count] "M" (UART_B_VALUE)
  );
}
#endif

void getNch(uint8_t count) {
    3fdc:	1f 93       	push	r17
    3fde:	18 2f       	mov	r17, r24
  do getch(); while (--count);
    3fe0:	e3 df       	rcall	.-58     	; 0x3fa8 <getch>
    3fe2:	11 50       	subi	r17, 0x01	; 1
    3fe4:	e9 f7       	brne	.-6      	; 0x3fe0 <getNch+0x4>
  verifySpace();
    3fe6:	f2 df       	rcall	.-28     	; 0x3fcc <verifySpace>
}
    3fe8:	1f 91       	pop	r17
    3fea:	08 95       	ret

00003fec <appStart>:

void appStart(uint8_t rstFlags) {
  // save the reset flags in the designated register
  //  This can be saved in a main program by putting code in .init0 (which
  //  executes before normal c init code) to save R2 to a global variable.
  __asm__ __volatile__ ("mov r2, %0\n" :: "r" (rstFlags));
    3fec:	28 2e       	mov	r2, r24

  watchdogConfig(WATCHDOG_OFF);
    3fee:	80 e0       	ldi	r24, 0x00	; 0
    3ff0:	e7 df       	rcall	.-50     	; 0x3fc0 <watchdogConfig>
  __asm__ __volatile__ (
    3ff2:	ee 27       	eor	r30, r30
    3ff4:	ff 27       	eor	r31, r31
    3ff6:	09 94       	ijmp
