
optiboot_atmega328.elf:     file format elf32-avr

Sections:
Idx Name          Size      VMA       LMA       File off  Algn
  0 .text         000001fc  00007e00  00007e00  00000054  2**1
                  CONTENTS, ALLOC, LOAD, READONLY, CODE
  1 .debug_aranges 00000028  00000000  00000000  00000250  2**0
                  CONTENTS, READONLY, DEBUGGING
  2 .debug_pubnames 00000078  00000000  00000000  00000278  2**0
                  CONTENTS, READONLY, DEBUGGING
  3 .debug_info   00000275  00000000  00000000  000002f0  2**0
                  CONTENTS, READONLY, DEBUGGING
  4 .debug_abbrev 000001a3  00000000  00000000  00000565  2**0
                  CONTENTS, READONLY, DEBUGGING
  5 .debug_line   000003b8  00000000  00000000  00000708  2**0
                  CONTENTS, READONLY, DEBUGGING
  6 .debug_frame  000000a0  00000000  00000000  00000ac0  2**2
                  CONTENTS, READONLY, DEBUGGING
  7 .debug_str    00000133  00000000  00000000  00000b60  2**0
                  CONTENTS, READONLY, DEBUGGING
  8 .debug_loc    000001a0  00000000  00000000  00000c93  2**0
                  CONTENTS, READONLY, DEBUGGING
  9 .debug_ranges 00000070  00000000  00000000  00000e33  2**0
                  CONTENTS, READONLY, DEBUGGING

Disassembly of section .text:

00007e00 <main>:
#define buff    ((uint8_t*)(0x100))
#define address (*(uint16_t*)(0x200))
#define length  (*(uint8_t*)(0x202))

/* main program starts here */
int main(void) {
    7e00:	85 e0       	ldi	r24, 0x05	; 5
    7e02:	80 93 81 00 	sts	0x0081, r24
  UCSR0C = _BV(UCSZ00) | _BV(UCSZ01);
  UBRR0L = (uint8_t)( (F_CPU + BAUD_RATE * 4L) / (BAUD_RATE * 8L) - 1 );
#endif

  // Adaboot no-wait mod
  ch = MCUSR;
    7e06:	84 b7       	in	r24, 0x34	; 52
  MCUSR = 0;
    7e08:	14 be       	out	0x34, r1	; 52
  if (!(ch & _BV(EXTRF))) appStart();
    7e0a:	81 ff       	sbrs	r24, 1
    7e0c:	e4 d0       	rcall	.+456    	; 0x7fd6 <appStart>

  // Set up watchdog to trigger after 500ms
  watchdogConfig(_BV(WDP2)|_BV(WDP0)|_BV(WDE));
    7e0e:	8d e0       	ldi	r24, 0x0D	; 13
    7e10:	dc d0       	rcall	.+440    	; 0x7fca <watchdogConfig>

  /* Set LED pin as output */
  LED_DDR |= _BV(LED);
    7e12:	25 9a       	sbi	0x04, 5	; 4

#ifdef SOFT_UART
  /* Set TX pin as output */
  UART_DDR |= _BV(UART_TX_BIT);
    7e14:	51 9a       	sbi	0x0a, 1	; 10
    7e16:	86 e0       	ldi	r24, 0x06	; 6
}

#if LED_START_FLASHES > 0
void flash_led(uint8_t count) {
  do {
    TCNT1 = -(F_CPU/(1024*16));
    7e18:	20 e3       	ldi	r18, 0x30	; 48
    7e1a:	3c ef       	ldi	r19, 0xFC	; 252
    TIFR1 = _BV(TOV1);
    7e1c:	91 e0       	ldi	r25, 0x01	; 1
}

#if LED_START_FLASHES > 0
void flash_led(uint8_t count) {
  do {
    TCNT1 = -(F_CPU/(1024*16));
    7e1e:	30 93 85 00 	sts	0x0085, r19
    7e22:	20 93 84 00 	sts	0x0084, r18
    TIFR1 = _BV(TOV1);
    7e26:	96 bb       	out	0x16, r25	; 22
    while(!(TIFR1 & _BV(TOV1)));
    7e28:	b0 9b       	sbis	0x16, 0	; 22
    7e2a:	fe cf       	rjmp	.-4      	; 0x7e28 <main+0x28>
    LED_PIN |= _BV(LED);
    7e2c:	1d 9a       	sbi	0x03, 5	; 3
  return getch();
}

// Watchdog functions. These are only safe with interrupts turned off.
void watchdogReset() {
  __asm__ __volatile__ (
    7e2e:	a8 95       	wdr
    TCNT1 = -(F_CPU/(1024*16));
    TIFR1 = _BV(TOV1);
    while(!(TIFR1 & _BV(TOV1)));
    LED_PIN |= _BV(LED);
    watchdogReset();
  } while (--count);
    7e30:	81 50       	subi	r24, 0x01	; 1
    7e32:	a9 f7       	brne	.-22     	; 0x7e1e <main+0x1e>
    /* get character from UART */
    ch = getch();

    if(ch == STK_GET_PARAMETER) {
      // GET PARAMETER returns a generic 0x03 reply - enough to keep Avrdude happy
      getNch(1);
    7e34:	dd 24       	eor	r13, r13
    7e36:	d3 94       	inc	r13
        boot_page_fill((uint16_t)(void*)addrPtr,a);
        addrPtr += 2;
      } while (--ch);
      
      // Write from programming buffer
      boot_page_write((uint16_t)(void*)address);
    7e38:	a5 e0       	ldi	r26, 0x05	; 5
    7e3a:	ea 2e       	mov	r14, r26
      boot_spm_busy_wait();

      // Reenable read access to flash
      boot_rww_enable();
    7e3c:	f1 e1       	ldi	r31, 0x11	; 17
    7e3e:	ff 2e       	mov	r15, r31
#endif

  /* Forever loop */
  for (;;) {
    /* get character from UART */
    ch = getch();
    7e40:	ab d0       	rcall	.+342    	; 0x7f98 <getch>

    if(ch == STK_GET_PARAMETER) {
    7e42:	81 34       	cpi	r24, 0x41	; 65
    7e44:	21 f4       	brne	.+8      	; 0x7e4e <main+0x4e>
      // GET PARAMETER returns a generic 0x03 reply - enough to keep Avrdude happy
      getNch(1);
    7e46:	81 e0       	ldi	r24, 0x01	; 1
    7e48:	d1 d0       	rcall	.+418    	; 0x7fec <verifySpace+0xc>
      putch(0x03);
    7e4a:	83 e0       	ldi	r24, 0x03	; 3
    7e4c:	24 c0       	rjmp	.+72     	; 0x7e96 <main+0x96>
    }
    else if(ch == STK_SET_DEVICE) {
    7e4e:	82 34       	cpi	r24, 0x42	; 66
    7e50:	11 f4       	brne	.+4      	; 0x7e56 <main+0x56>
      // SET DEVICE is ignored
      getNch(20);
    7e52:	84 e1       	ldi	r24, 0x14	; 20
    7e54:	03 c0       	rjmp	.+6      	; 0x7e5c <main+0x5c>
    }
    else if(ch == STK_SET_DEVICE_EXT) {
    7e56:	85 34       	cpi	r24, 0x45	; 69
    7e58:	19 f4       	brne	.+6      	; 0x7e60 <main+0x60>
      // SET DEVICE EXT is ignored
      getNch(5);
    7e5a:	85 e0       	ldi	r24, 0x05	; 5
    7e5c:	c7 d0       	rcall	.+398    	; 0x7fec <verifySpace+0xc>
    7e5e:	8a c0       	rjmp	.+276    	; 0x7f74 <main+0x174>
    }
    else if(ch == STK_LOAD_ADDRESS) {
    7e60:	85 35       	cpi	r24, 0x55	; 85
    7e62:	a1 f4       	brne	.+40     	; 0x7e8c <main+0x8c>
      // LOAD ADDRESS
      address = getch();
    7e64:	99 d0       	rcall	.+306    	; 0x7f98 <getch>
    7e66:	08 2f       	mov	r16, r24
    7e68:	10 e0       	ldi	r17, 0x00	; 0
    7e6a:	10 93 01 02 	sts	0x0201, r17
    7e6e:	00 93 00 02 	sts	0x0200, r16
      address = (address & 0xff) | (getch() << 8);
    7e72:	92 d0       	rcall	.+292    	; 0x7f98 <getch>
    7e74:	90 e0       	ldi	r25, 0x00	; 0
    7e76:	98 2f       	mov	r25, r24
    7e78:	88 27       	eor	r24, r24
    7e7a:	80 2b       	or	r24, r16
    7e7c:	91 2b       	or	r25, r17
      address += address; // Convert from word address to byte address
    7e7e:	88 0f       	add	r24, r24
    7e80:	99 1f       	adc	r25, r25
    7e82:	90 93 01 02 	sts	0x0201, r25
    7e86:	80 93 00 02 	sts	0x0200, r24
    7e8a:	73 c0       	rjmp	.+230    	; 0x7f72 <main+0x172>
      verifySpace();
    }
    else if(ch == STK_UNIVERSAL) {
    7e8c:	86 35       	cpi	r24, 0x56	; 86
    7e8e:	29 f4       	brne	.+10     	; 0x7e9a <main+0x9a>
      // UNIVERSAL command is ignored
      getNch(4);
    7e90:	84 e0       	ldi	r24, 0x04	; 4
    7e92:	ac d0       	rcall	.+344    	; 0x7fec <verifySpace+0xc>
      putch(0x00);
    7e94:	80 e0       	ldi	r24, 0x00	; 0
    7e96:	71 d0       	rcall	.+226    	; 0x7f7a <putch>
    7e98:	6d c0       	rjmp	.+218    	; 0x7f74 <main+0x174>
    }
    /* Write memory, length is big endian and is in bytes  */
    else if(ch == STK_PROG_PAGE) {
    7e9a:	84 36       	cpi	r24, 0x64	; 100
    7e9c:	09 f0       	breq	.+2      	; 0x7ea0 <main+0xa0>
    7e9e:	43 c0       	rjmp	.+134    	; 0x7f26 <main+0x126>
      // PROGRAM PAGE - we support flash programming only, not EEPROM
      uint8_t *bufPtr;
      uint16_t addrPtr;

      getLen();
    7ea0:	8f d0       	rcall	.+286    	; 0x7fc0 <getLen>

      // Immediately start page erase - this will 4.5ms
      boot_page_erase((uint16_t)(void*)address);
    7ea2:	e0 91 00 02 	lds	r30, 0x0200
    7ea6:	f0 91 01 02 	lds	r31, 0x0201
    7eaa:	83 e0       	ldi	r24, 0x03	; 3
    7eac:	80 93 57 00 	sts	0x0057, r24
    7eb0:	e8 95       	spm
    7eb2:	c0 e0       	ldi	r28, 0x00	; 0
    7eb4:	d1 e0       	ldi	r29, 0x01	; 1

      // While that is going on, read in page contents
      bufPtr = buff;
      do *bufPtr++ = getch();
    7eb6:	70 d0       	rcall	.+224    	; 0x7f98 <getch>
    7eb8:	89 93       	st	Y+, r24
      while (--length);
    7eba:	80 91 02 02 	lds	r24, 0x0202
    7ebe:	81 50       	subi	r24, 0x01	; 1
    7ec0:	80 93 02 02 	sts	0x0202, r24
    7ec4:	88 23       	and	r24, r24
    7ec6:	b9 f7       	brne	.-18     	; 0x7eb6 <main+0xb6>

      // Read command terminator, start reply
      verifySpace();
    7ec8:	8b d0       	rcall	.+278    	; 0x7fe0 <verifySpace>
      
      // If only a partial page is to be programmed, the erase might not be complete.
      // So check that here
      boot_spm_busy_wait();
    7eca:	07 b6       	in	r0, 0x37	; 55
    7ecc:	00 fc       	sbrc	r0, 0
    7ece:	fd cf       	rjmp	.-6      	; 0x7eca <main+0xca>

      // Copy buffer into programming buffer
      bufPtr = buff;
      addrPtr = (uint16_t)(void*)address;
    7ed0:	40 91 00 02 	lds	r20, 0x0200
    7ed4:	50 91 01 02 	lds	r21, 0x0201
    7ed8:	a0 e0       	ldi	r26, 0x00	; 0
    7eda:	b1 e0       	ldi	r27, 0x01	; 1
      ch = SPM_PAGESIZE / 2;
      do {
        uint16_t a;
        a = *bufPtr++;
    7edc:	2c 91       	ld	r18, X
    7ede:	30 e0       	ldi	r19, 0x00	; 0
        a |= (*bufPtr++) << 8;
    7ee0:	11 96       	adiw	r26, 0x01	; 1
    7ee2:	8c 91       	ld	r24, X
    7ee4:	11 97       	sbiw	r26, 0x01	; 1
    7ee6:	90 e0       	ldi	r25, 0x00	; 0
    7ee8:	98 2f       	mov	r25, r24
    7eea:	88 27       	eor	r24, r24
    7eec:	82 2b       	or	r24, r18
    7eee:	93 2b       	or	r25, r19
#define buff    ((uint8_t*)(0x100))
#define address (*(uint16_t*)(0x200))
#define length  (*(uint8_t*)(0x202))

/* main program starts here */
int main(void) {
    7ef0:	12 96       	adiw	r26, 0x02	; 2
      ch = SPM_PAGESIZE / 2;
      do {
        uint16_t a;
        a = *bufPtr++;
        a |= (*bufPtr++) << 8;
        boot_page_fill((uint16_t)(void*)addrPtr,a);
    7ef2:	fa 01       	movw	r30, r20
    7ef4:	0c 01       	movw	r0, r24
    7ef6:	d0 92 57 00 	sts	0x0057, r13
    7efa:	e8 95       	spm
    7efc:	11 24       	eor	r1, r1
        addrPtr += 2;
    7efe:	4e 5f       	subi	r20, 0xFE	; 254
    7f00:	5f 4f       	sbci	r21, 0xFF	; 255
      } while (--ch);
    7f02:	f1 e0       	ldi	r31, 0x01	; 1
    7f04:	a0 38       	cpi	r26, 0x80	; 128
    7f06:	bf 07       	cpc	r27, r31
    7f08:	49 f7       	brne	.-46     	; 0x7edc <main+0xdc>
      
      // Write from programming buffer
      boot_page_write((uint16_t)(void*)address);
    7f0a:	e0 91 00 02 	lds	r30, 0x0200
    7f0e:	f0 91 01 02 	lds	r31, 0x0201
    7f12:	e0 92 57 00 	sts	0x0057, r14
    7f16:	e8 95       	spm
      boot_spm_busy_wait();
    7f18:	07 b6       	in	r0, 0x37	; 55
    7f1a:	00 fc       	sbrc	r0, 0
    7f1c:	fd cf       	rjmp	.-6      	; 0x7f18 <main+0x118>

      // Reenable read access to flash
      boot_rww_enable();
    7f1e:	f0 92 57 00 	sts	0x0057, r15
    7f22:	e8 95       	spm
    7f24:	27 c0       	rjmp	.+78     	; 0x7f74 <main+0x174>
    }
    /* Read memory block mode, length is big endian.  */
    else if(ch == STK_READ_PAGE) {
    7f26:	84 37       	cpi	r24, 0x74	; 116
    7f28:	b9 f4       	brne	.+46     	; 0x7f58 <main+0x158>
      // READ PAGE - we only read flash
      getLen();
    7f2a:	4a d0       	rcall	.+148    	; 0x7fc0 <getLen>
      verifySpace();
    7f2c:	59 d0       	rcall	.+178    	; 0x7fe0 <verifySpace>
      do putch(pgm_read_byte_near(address++));
    7f2e:	e0 91 00 02 	lds	r30, 0x0200
    7f32:	f0 91 01 02 	lds	r31, 0x0201
    7f36:	31 96       	adiw	r30, 0x01	; 1
    7f38:	f0 93 01 02 	sts	0x0201, r31
    7f3c:	e0 93 00 02 	sts	0x0200, r30
    7f40:	31 97       	sbiw	r30, 0x01	; 1
    7f42:	e4 91       	lpm	r30, Z+
    7f44:	8e 2f       	mov	r24, r30
    7f46:	19 d0       	rcall	.+50     	; 0x7f7a <putch>
      while (--length);
    7f48:	80 91 02 02 	lds	r24, 0x0202
    7f4c:	81 50       	subi	r24, 0x01	; 1
    7f4e:	80 93 02 02 	sts	0x0202, r24
    7f52:	88 23       	and	r24, r24
    7f54:	61 f7       	brne	.-40     	; 0x7f2e <main+0x12e>
    7f56:	0e c0       	rjmp	.+28     	; 0x7f74 <main+0x174>
    }

    /* Get device signature bytes  */
    else if(ch == STK_READ_SIGN) {
    7f58:	85 37       	cpi	r24, 0x75	; 117
    7f5a:	39 f4       	brne	.+14     	; 0x7f6a <main+0x16a>
      // READ SIGN - return what Avrdude wants to hear
      verifySpace();
    7f5c:	41 d0       	rcall	.+130    	; 0x7fe0 <verifySpace>
      putch(SIGNATURE_0);
    7f5e:	8e e1       	ldi	r24, 0x1E	; 30
    7f60:	0c d0       	rcall	.+24     	; 0x7f7a <putch>
      putch(SIGNATURE_1);
    7f62:	85 e9       	ldi	r24, 0x95	; 149
    7f64:	0a d0       	rcall	.+20     	; 0x7f7a <putch>
      putch(SIGNATURE_2);
    7f66:	8f e0       	ldi	r24, 0x0F	; 15
    7f68:	96 cf       	rjmp	.-212    	; 0x7e96 <main+0x96>
    }
    else if (ch == 'Q') {
    7f6a:	81 35       	cpi	r24, 0x51	; 81
    7f6c:	11 f4       	brne	.+4      	; 0x7f72 <main+0x172>
      // Adaboot no-wait mod
      watchdogConfig(_BV(WDE));
    7f6e:	88 e0       	ldi	r24, 0x08	; 8
    7f70:	2c d0       	rcall	.+88     	; 0x7fca <watchdogConfig>
      verifySpace();
    }
    else {
      // This covers the response to commands like STK_ENTER_PROGMODE
      verifySpace();
    7f72:	36 d0       	rcall	.+108    	; 0x7fe0 <verifySpace>
    }
    putch(STK_OK);
    7f74:	80 e1       	ldi	r24, 0x10	; 16
    7f76:	01 d0       	rcall	.+2      	; 0x7f7a <putch>
    7f78:	63 cf       	rjmp	.-314    	; 0x7e40 <main+0x40>

00007f7a <putch>:
void putch(char ch) {
#ifndef SOFT_UART
  while (!(UCSR0A & _BV(UDRE0)));
  UDR0 = ch;
#else
  __asm__ __volatile__ (
    7f7a:	2a e0       	ldi	r18, 0x0A	; 10
    7f7c:	30 e0       	ldi	r19, 0x00	; 0
    7f7e:	80 95       	com	r24
    7f80:	08 94       	sec
    7f82:	10 f4       	brcc	.+4      	; 0x7f88 <putch+0xe>
    7f84:	59 98       	cbi	0x0b, 1	; 11
    7f86:	02 c0       	rjmp	.+4      	; 0x7f8c <putch+0x12>
    7f88:	59 9a       	sbi	0x0b, 1	; 11
    7f8a:	00 00       	nop
    7f8c:	15 d0       	rcall	.+42     	; 0x7fb8 <uartDelay>
    7f8e:	14 d0       	rcall	.+40     	; 0x7fb8 <uartDelay>
    7f90:	86 95       	lsr	r24
    7f92:	2a 95       	dec	r18
    7f94:	b1 f7       	brne	.-20     	; 0x7f82 <putch+0x8>
      [uartBit] "I" (UART_TX_BIT)
    :
      "r25"
  );
#endif
}
    7f96:	08 95       	ret

00007f98 <getch>:
  return getch();
}

// Watchdog functions. These are only safe with interrupts turned off.
void watchdogReset() {
  __asm__ __volatile__ (
    7f98:	a8 95       	wdr
#ifdef LED_DATA_FLASH
  LED_PIN |= _BV(LED);
#endif

  return ch;
}
    7f9a:	29 e0       	ldi	r18, 0x09	; 9
    7f9c:	30 e0       	ldi	r19, 0x00	; 0
    7f9e:	48 99       	sbic	0x09, 0	; 9
    7fa0:	fe cf       	rjmp	.-4      	; 0x7f9e <getch+0x6>
    7fa2:	0a d0       	rcall	.+20     	; 0x7fb8 <uartDelay>
    7fa4:	09 d0       	rcall	.+18     	; 0x7fb8 <uartDelay>
    7fa6:	08 d0       	rcall	.+16     	; 0x7fb8 <uartDelay>
    7fa8:	88 94       	clc
    7faa:	48 99       	sbic	0x09, 0	; 9
    7fac:	08 94       	sec
    7fae:	2a 95       	dec	r18
    7fb0:	11 f0       	breq	.+4      	; 0x7fb6 <getch+0x1e>
    7fb2:	87 95       	ror	r24
    7fb4:	f7 cf       	rjmp	.-18     	; 0x7fa4 <getch+0xc>
    7fb6:	08 95       	ret

00007fb8 <uartDelay>:
#if UART_B_VALUE > 255
#error Baud rate too slow for soft UART
#endif

void uartDelay() {
  __asm__ __volatile__ (
    7fb8:	98 e0       	ldi	r25, 0x08	; 8
    7fba:	9a 95       	dec	r25
    7fbc:	f1 f7       	brne	.-4      	; 0x7fba <uartDelay+0x2>
    7fbe:	08 95       	ret

00007fc0 <getLen>:
  } while (--count);
}
#endif

uint8_t getLen() {
  getch();
    7fc0:	eb df       	rcall	.-42     	; 0x7f98 <getch>
  length = getch();
    7fc2:	ea df       	rcall	.-44     	; 0x7f98 <getch>
    7fc4:	80 93 02 02 	sts	0x0202, r24
  return getch();
}
    7fc8:	e7 cf       	rjmp	.-50     	; 0x7f98 <getch>

00007fca <watchdogConfig>:
    "wdr\n"
  );
}

void watchdogConfig(uint8_t x) {
  WDTCSR = _BV(WDCE) | _BV(WDE);
    7fca:	e0 e6       	ldi	r30, 0x60	; 96
    7fcc:	f0 e0       	ldi	r31, 0x00	; 0
    7fce:	98 e1       	ldi	r25, 0x18	; 24
    7fd0:	90 83       	st	Z, r25
  WDTCSR = x;
    7fd2:	80 83       	st	Z, r24
}
    7fd4:	08 95       	ret

00007fd6 <appStart>:

void appStart() {
  watchdogConfig(0);
    7fd6:	80 e0       	ldi	r24, 0x00	; 0
    7fd8:	f8 df       	rcall	.-16     	; 0x7fca <watchdogConfig>
  __asm__ __volatile__ (
    7fda:	ee 27       	eor	r30, r30
    7fdc:	ff 27       	eor	r31, r31
    7fde:	09 94       	ijmp

00007fe0 <verifySpace>:
  do getch(); while (--count);
  verifySpace();
}

void verifySpace() {
  if (getch() != CRC_EOP) appStart();
    7fe0:	db df       	rcall	.-74     	; 0x7f98 <getch>
    7fe2:	80 32       	cpi	r24, 0x20	; 32
    7fe4:	09 f0       	breq	.+2      	; 0x7fe8 <verifySpace+0x8>
    7fe6:	f7 df       	rcall	.-18     	; 0x7fd6 <appStart>
  putch(STK_INSYNC);
    7fe8:	84 e1       	ldi	r24, 0x14	; 20
}
    7fea:	c7 cf       	rjmp	.-114    	; 0x7f7a <putch>
    ::[count] "M" (UART_B_VALUE)
  );
}
#endif

void getNch(uint8_t count) {
    7fec:	1f 93       	push	r17
    7fee:	18 2f       	mov	r17, r24

00007ff0 <getNch>:
  do getch(); while (--count);
    7ff0:	d3 df       	rcall	.-90     	; 0x7f98 <getch>
    7ff2:	11 50       	subi	r17, 0x01	; 1
    7ff4:	e9 f7       	brne	.-6      	; 0x7ff0 <getNch>
  verifySpace();
    7ff6:	f4 df       	rcall	.-24     	; 0x7fe0 <verifySpace>
}
    7ff8:	1f 91       	pop	r17
    7ffa:	08 95       	ret
